<?xml version="1.0" encoding="UTF-8" ?>
<testsuite errors="1" failures="0" hostname="DESKTOP-TINQA7M" name="com.allendowney.javacs.WikiSearchTest" skipped="0" tests="1" time="0.0" timestamp="2023-06-18T14:05:43">
  <properties>
[...]
</properties>
  <error message="com.allendowney.javacs.WikiSearchTest" type="java.lang.ClassNotFoundException">java.lang.ClassNotFoundException: com.allendowney.javacs.WikiSearchTest
	at java.base/jdk.internal.loader.BuiltinClassLoader.loadClass(BuiltinClassLoader.java:641)
	at java.base/jdk.internal.loader.ClassLoaders$AppClassLoader.loadClass(ClassLoaders.java:188)
	at java.base/java.lang.ClassLoader.loadClass(ClassLoader.java:521)
	at java.base/java.lang.Class.forName0(Native Method)
	at java.base/java.lang.Class.forName(Class.java:391)
	at java.base/java.lang.Class.forName(Class.java:382)
</error>
  <system-out><![CDATA[]]></system-out>
  <system-err><![CDATA[]]></system-err>
</testsuite>
